# JRE version: Java(TM) SE Runtime Environment 18.9 (11.0.17+10) (build 11.0.17+10-LTS-269)
# Java VM: Java HotSpot(TM) 64-Bit Server VM 18.9 (11.0.17+10-LTS-269, mixed mode, tiered, compressed oops, g1 gc, windows-amd64)
Heap:
 garbage-first heap   total 76800K, used 15600K [0x00000000c2c00000, 0x0000000100000000)
  region size 1024K, 4 young (4096K), 4 survivors (4096K)
 Metaspace       used 34423K, capacity 35422K, committed 35504K, reserved 1087488K
  class space    used 4367K, capacity 4785K, committed 4864K, reserved 1048576K
GC Heap History (10 events):
Event: 2.147 GC heap before
{Heap before GC invocations=4 (full 0):
 garbage-first heap   total 63488K, used 19798K [0x00000000c2c00000, 0x0000000100000000)
  region size 1024K, 16 young (16384K), 3 survivors (3072K)
 Metaspace       used 20795K, capacity 21192K, committed 21296K, reserved 1069056K
  class space    used 2468K, capacity 2641K, committed 2688K, reserved 1048576K
}
Event: 2.156 GC heap after
{Heap after GC invocations=5 (full 0):
 garbage-first heap   total 63488K, used 9035K [0x00000000c2c00000, 0x0000000100000000)
  region size 1024K, 3 young (3072K), 3 survivors (3072K)
 Metaspace       used 20795K, capacity 21192K, committed 21296K, reserved 1069056K
  class space    used 2468K, capacity 2641K, committed 2688K, reserved 1048576K
}
Event: 2.686 GC heap before
{Heap before GC invocations=6 (full 0):
 garbage-first heap   total 63488K, used 35659K [0x00000000c2c00000, 0x0000000100000000)
  region size 1024K, 30 young (30720K), 3 survivors (3072K)
 Metaspace       used 23085K, capacity 23740K, committed 23984K, reserved 1071104K
  class space    used 2792K, capacity 3043K, committed 3072K, reserved 1048576K
}
Event: 2.692 GC heap after
{Heap after GC invocations=7 (full 0):
 garbage-first heap   total 76800K, used 10160K [0x00000000c2c00000, 0x0000000100000000)
  region size 1024K, 3 young (3072K), 3 survivors (3072K)
 Metaspace       used 23085K, capacity 23740K, committed 23984K, reserved 1071104K
  class space    used 2792K, capacity 3043K, committed 3072K, reserved 1048576K
}
Event: 3.955 GC heap before
{Heap before GC invocations=7 (full 0):
 garbage-first heap   total 76800K, used 53168K [0x00000000c2c00000, 0x0000000100000000)
  region size 1024K, 45 young (46080K), 3 survivors (3072K)
 Metaspace       used 26499K, capacity 27272K, committed 27440K, reserved 1073152K
  class space    used 3308K, capacity 3603K, committed 3712K, reserved 1048576K
}
Event: 3.963 GC heap after
{Heap after GC invocations=8 (full 0):
 garbage-first heap   total 76800K, used 11792K [0x00000000c2c00000, 0x0000000100000000)
  region size 1024K, 5 young (5120K), 5 survivors (5120K)
 Metaspace       used 26499K, capacity 27272K, committed 27440K, reserved 1073152K
  class space    used 3308K, capacity 3603K, committed 3712K, reserved 1048576K
}
Event: 5.804 GC heap before
{Heap before GC invocations=8 (full 0):
 garbage-first heap   total 76800K, used 52752K [0x00000000c2c00000, 0x0000000100000000)
  region size 1024K, 45 young (46080K), 5 survivors (5120K)
 Metaspace       used 31835K, capacity 32828K, committed 33072K, reserved 1077248K
  class space    used 3993K, capacity 4409K, committed 4480K, reserved 1048576K
}
Event: 5.815 GC heap after
{Heap after GC invocations=9 (full 0):
 garbage-first heap   total 76800K, used 14827K [0x00000000c2c00000, 0x0000000100000000)
  region size 1024K, 6 young (6144K), 6 survivors (6144K)
 Metaspace       used 31835K, capacity 32828K, committed 33072K, reserved 1077248K
  class space    used 3993K, capacity 4409K, committed 4480K, reserved 1048576K
}
Event: 6.309 GC heap before
{Heap before GC invocations=9 (full 0):
 garbage-first heap   total 76800K, used 30187K [0x00000000c2c00000, 0x0000000100000000)
  region size 1024K, 22 young (22528K), 6 survivors (6144K)
 Metaspace       used 34423K, capacity 35422K, committed 35504K, reserved 1085440K
  class space    used 4367K, capacity 4785K, committed 4864K, reserved 1048576K
}
Event: 6.322 GC heap after
{Heap after GC invocations=10 (full 0):
 garbage-first heap   total 76800K, used 15600K [0x00000000c2c00000, 0x0000000100000000)
  region size 1024K, 4 young (4096K), 4 survivors (4096K)
 Metaspace       used 34423K, capacity 35422K, committed 35504K, reserved 1085440K
  class space    used 4367K, capacity 4785K, committed 4864K, reserved 1048576K
}

