# JRE version: Java(TM) SE Runtime Environment 18.9 (11.0.17+10) (build 11.0.17+10-LTS-269)
# Java VM: Java HotSpot(TM) 64-Bit Server VM 18.9 (11.0.17+10-LTS-269, mixed mode, tiered, compressed oops, g1 gc, windows-amd64)
Heap:
 garbage-first heap   total 262144K, used 47131K [0x00000000e0000000, 0x0000000100000000)
  region size 1024K, 12 young (12288K), 12 survivors (12288K)
 Metaspace       used 52186K, capacity 53598K, committed 53632K, reserved 301056K
  class space    used 6743K, capacity 7278K, committed 7296K, reserved 253952K
GC Heap History (10 events):
Event: 10.454 GC heap before
{Heap before GC invocations=7 (full 0):
 garbage-first heap   total 262144K, used 54046K [0x00000000e0000000, 0x0000000100000000)
  region size 1024K, 41 young (41984K), 7 survivors (7168K)
 Metaspace       used 35045K, capacity 35701K, committed 35840K, reserved 286720K
  class space    used 4383K, capacity 4614K, committed 4736K, reserved 253952K
}
Event: 10.472 GC heap after
{Heap after GC invocations=8 (full 0):
 garbage-first heap   total 262144K, used 23174K [0x00000000e0000000, 0x0000000100000000)
  region size 1024K, 8 young (8192K), 8 survivors (8192K)
 Metaspace       used 35045K, capacity 35701K, committed 35840K, reserved 286720K
  class space    used 4383K, capacity 4614K, committed 4736K, reserved 253952K
}
Event: 12.867 GC heap before
{Heap before GC invocations=9 (full 0):
 garbage-first heap   total 262144K, used 99974K [0x00000000e0000000, 0x0000000100000000)
  region size 1024K, 83 young (84992K), 8 survivors (8192K)
 Metaspace       used 41124K, capacity 41980K, committed 42112K, reserved 290816K
  class space    used 5349K, capacity 5644K, committed 5760K, reserved 253952K
}
Event: 12.904 GC heap after
{Heap after GC invocations=10 (full 0):
 garbage-first heap   total 262144K, used 25449K [0x00000000e0000000, 0x0000000100000000)
  region size 1024K, 5 young (5120K), 5 survivors (5120K)
 Metaspace       used 41124K, capacity 41980K, committed 42112K, reserved 290816K
  class space    used 5349K, capacity 5644K, committed 5760K, reserved 253952K
}
Event: 18.414 GC heap before
{Heap before GC invocations=10 (full 0):
 garbage-first heap   total 262144K, used 177001K [0x00000000e0000000, 0x0000000100000000)
  region size 1024K, 153 young (156672K), 5 survivors (5120K)
 Metaspace       used 46610K, capacity 47628K, committed 47872K, reserved 296960K
  class space    used 6030K, capacity 6381K, committed 6400K, reserved 253952K
}
Event: 18.507 GC heap after
{Heap after GC invocations=11 (full 0):
 garbage-first heap   total 262144K, used 36968K [0x00000000e0000000, 0x0000000100000000)
  region size 1024K, 17 young (17408K), 17 survivors (17408K)
 Metaspace       used 46610K, capacity 47628K, committed 47872K, reserved 296960K
  class space    used 6030K, capacity 6381K, committed 6400K, reserved 253952K
}
Event: 21.045 GC heap before
{Heap before GC invocations=11 (full 0):
 garbage-first heap   total 262144K, used 176232K [0x00000000e0000000, 0x0000000100000000)
  region size 1024K, 153 young (156672K), 17 survivors (17408K)
 Metaspace       used 47208K, capacity 48240K, committed 48384K, reserved 296960K
  class space    used 6038K, capacity 6390K, committed 6400K, reserved 253952K
}
Event: 21.088 GC heap after
{Heap after GC invocations=12 (full 0):
 garbage-first heap   total 262144K, used 41656K [0x00000000e0000000, 0x0000000100000000)
  region size 1024K, 6 young (6144K), 6 survivors (6144K)
 Metaspace       used 47208K, capacity 48240K, committed 48384K, reserved 296960K
  class space    used 6038K, capacity 6390K, committed 6400K, reserved 253952K
}
Event: 27.561 GC heap before
{Heap before GC invocations=12 (full 0):
 garbage-first heap   total 262144K, used 160440K [0x00000000e0000000, 0x0000000100000000)
  region size 1024K, 123 young (125952K), 6 survivors (6144K)
 Metaspace       used 52186K, capacity 53598K, committed 53632K, reserved 301056K
  class space    used 6743K, capacity 7278K, committed 7296K, reserved 253952K
}
Event: 27.580 GC heap after
{Heap after GC invocations=13 (full 0):
 garbage-first heap   total 262144K, used 47131K [0x00000000e0000000, 0x0000000100000000)
  region size 1024K, 12 young (12288K), 12 survivors (12288K)
 Metaspace       used 52186K, capacity 53598K, committed 53632K, reserved 301056K
  class space    used 6743K, capacity 7278K, committed 7296K, reserved 253952K
}

