# JRE version: Java(TM) SE Runtime Environment 18.9 (11.0.17+10) (build 11.0.17+10-LTS-269)
# Java VM: Java HotSpot(TM) 64-Bit Server VM 18.9 (11.0.17+10-LTS-269, mixed mode, tiered, compressed oops, g1 gc, windows-amd64)
Heap:
 garbage-first heap   total 262144K, used 123866K [0x00000000e0000000, 0x0000000100000000)
  region size 1024K, 56 young (57344K), 17 survivors (17408K)
 Metaspace       used 62814K, capacity 64526K, committed 64768K, reserved 311296K
  class space    used 7979K, capacity 8617K, committed 8704K, reserved 253952K
GC Heap History (10 events):
Event: 15.095 GC heap before
{Heap before GC invocations=9 (full 0):
 garbage-first heap   total 262144K, used 169691K [0x00000000e0000000, 0x0000000100000000)
  region size 1024K, 153 young (156672K), 10 survivors (10240K)
 Metaspace       used 44967K, capacity 45957K, committed 46208K, reserved 294912K
  class space    used 5939K, capacity 6256K, committed 6272K, reserved 253952K
}
Event: 15.181 GC heap after
{Heap after GC invocations=10 (full 0):
 garbage-first heap   total 262144K, used 30852K [0x00000000e0000000, 0x0000000100000000)
  region size 1024K, 17 young (17408K), 17 survivors (17408K)
 Metaspace       used 44967K, capacity 45957K, committed 46208K, reserved 294912K
  class space    used 5939K, capacity 6256K, committed 6272K, reserved 253952K
}
Event: 19.143 GC heap before
{Heap before GC invocations=10 (full 0):
 garbage-first heap   total 262144K, used 170116K [0x00000000e0000000, 0x0000000100000000)
  region size 1024K, 153 young (156672K), 17 survivors (17408K)
 Metaspace       used 46838K, capacity 47830K, committed 47872K, reserved 296960K
  class space    used 6034K, capacity 6383K, committed 6400K, reserved 253952K
}
Event: 19.272 GC heap after
{Heap after GC invocations=11 (full 0):
 garbage-first heap   total 262144K, used 39833K [0x00000000e0000000, 0x0000000100000000)
  region size 1024K, 19 young (19456K), 19 survivors (19456K)
 Metaspace       used 46838K, capacity 47830K, committed 47872K, reserved 296960K
  class space    used 6034K, capacity 6383K, committed 6400K, reserved 253952K
}
Event: 21.861 GC heap before
{Heap before GC invocations=11 (full 0):
 garbage-first heap   total 262144K, used 177049K [0x00000000e0000000, 0x0000000100000000)
  region size 1024K, 153 young (156672K), 19 survivors (19456K)
 Metaspace       used 49990K, capacity 51219K, committed 51456K, reserved 299008K
  class space    used 6435K, capacity 6885K, committed 6912K, reserved 253952K
}
Event: 21.916 GC heap after
{Heap after GC invocations=12 (full 0):
 garbage-first heap   total 262144K, used 45017K [0x00000000e0000000, 0x0000000100000000)
  region size 1024K, 14 young (14336K), 14 survivors (14336K)
 Metaspace       used 49990K, capacity 51219K, committed 51456K, reserved 299008K
  class space    used 6435K, capacity 6885K, committed 6912K, reserved 253952K
}
Event: 25.110 GC heap before
{Heap before GC invocations=12 (full 0):
 garbage-first heap   total 262144K, used 113625K [0x00000000e0000000, 0x0000000100000000)
  region size 1024K, 82 young (83968K), 14 survivors (14336K)
 Metaspace       used 58645K, capacity 60155K, committed 60160K, reserved 307200K
  class space    used 7513K, capacity 8059K, committed 8064K, reserved 253952K
}
Event: 25.155 GC heap after
{Heap after GC invocations=13 (full 0):
 garbage-first heap   total 262144K, used 58792K [0x00000000e0000000, 0x0000000100000000)
  region size 1024K, 20 young (20480K), 20 survivors (20480K)
 Metaspace       used 58645K, capacity 60155K, committed 60160K, reserved 307200K
  class space    used 7513K, capacity 8059K, committed 8064K, reserved 253952K
}
Event: 28.909 GC heap before
{Heap before GC invocations=14 (full 0):
 garbage-first heap   total 262144K, used 177576K [0x00000000e0000000, 0x0000000100000000)
  region size 1024K, 134 young (137216K), 20 survivors (20480K)
 Metaspace       used 61226K, capacity 62746K, committed 62976K, reserved 309248K
  class space    used 7810K, capacity 8377K, committed 8448K, reserved 253952K
}
Event: 28.992 GC heap after
{Heap after GC invocations=15 (full 0):
 garbage-first heap   total 262144K, used 84954K [0x00000000e0000000, 0x0000000100000000)
  region size 1024K, 17 young (17408K), 17 survivors (17408K)
 Metaspace       used 61226K, capacity 62746K, committed 62976K, reserved 309248K
  class space    used 7810K, capacity 8377K, committed 8448K, reserved 253952K
}

