# JRE version: Java(TM) SE Runtime Environment 18.9 (11.0.17+10) (build 11.0.17+10-LTS-269)
# Java VM: Java HotSpot(TM) 64-Bit Server VM 18.9 (11.0.17+10-LTS-269, mixed mode, tiered, compressed oops, g1 gc, windows-amd64)
Heap:
 garbage-first heap   total 76800K, used 15656K [0x00000000c2c00000, 0x0000000100000000)
  region size 1024K, 5 young (5120K), 5 survivors (5120K)
 Metaspace       used 35099K, capacity 36100K, committed 36144K, reserved 1093632K
  class space    used 4505K, capacity 4948K, committed 4992K, reserved 1048576K
GC Heap History (10 events):
Event: 2.265 GC heap before
{Heap before GC invocations=4 (full 0):
 garbage-first heap   total 63488K, used 20711K [0x00000000c2c00000, 0x0000000100000000)
  region size 1024K, 16 young (16384K), 3 survivors (3072K)
 Metaspace       used 20820K, capacity 21207K, committed 21296K, reserved 1069056K
  class space    used 2476K, capacity 2646K, committed 2688K, reserved 1048576K
}
Event: 2.270 GC heap after
{Heap after GC invocations=5 (full 0):
 garbage-first heap   total 63488K, used 9124K [0x00000000c2c00000, 0x0000000100000000)
  region size 1024K, 3 young (3072K), 3 survivors (3072K)
 Metaspace       used 20820K, capacity 21207K, committed 21296K, reserved 1069056K
  class space    used 2476K, capacity 2646K, committed 2688K, reserved 1048576K
}
Event: 2.937 GC heap before
{Heap before GC invocations=6 (full 0):
 garbage-first heap   total 63488K, used 36772K [0x00000000c2c00000, 0x0000000100000000)
  region size 1024K, 30 young (30720K), 3 survivors (3072K)
 Metaspace       used 23145K, capacity 23807K, committed 23984K, reserved 1071104K
  class space    used 2795K, capacity 3044K, committed 3072K, reserved 1048576K
}
Event: 2.947 GC heap after
{Heap after GC invocations=7 (full 0):
 garbage-first heap   total 76800K, used 10012K [0x00000000c2c00000, 0x0000000100000000)
  region size 1024K, 3 young (3072K), 3 survivors (3072K)
 Metaspace       used 23145K, capacity 23807K, committed 23984K, reserved 1071104K
  class space    used 2795K, capacity 3044K, committed 3072K, reserved 1048576K
}
Event: 3.958 GC heap before
{Heap before GC invocations=8 (full 0):
 garbage-first heap   total 76800K, used 42780K [0x00000000c2c00000, 0x0000000100000000)
  region size 1024K, 35 young (35840K), 3 survivors (3072K)
 Metaspace       used 25242K, capacity 26076K, committed 26160K, reserved 1073152K
  class space    used 3131K, capacity 3440K, committed 3456K, reserved 1048576K
}
Event: 3.965 GC heap after
{Heap after GC invocations=9 (full 0):
 garbage-first heap   total 76800K, used 11300K [0x00000000c2c00000, 0x0000000100000000)
  region size 1024K, 4 young (4096K), 4 survivors (4096K)
 Metaspace       used 25242K, capacity 26076K, committed 26160K, reserved 1073152K
  class space    used 3131K, capacity 3440K, committed 3456K, reserved 1048576K
}
Event: 5.518 GC heap before
{Heap before GC invocations=9 (full 0):
 garbage-first heap   total 76800K, used 49188K [0x00000000c2c00000, 0x0000000100000000)
  region size 1024K, 41 young (41984K), 4 survivors (4096K)
 Metaspace       used 30540K, capacity 31525K, committed 31664K, reserved 1077248K
  class space    used 3844K, capacity 4230K, committed 4352K, reserved 1048576K
}
Event: 5.528 GC heap after
{Heap after GC invocations=10 (full 0):
 garbage-first heap   total 76800K, used 13990K [0x00000000c2c00000, 0x0000000100000000)
  region size 1024K, 6 young (6144K), 6 survivors (6144K)
 Metaspace       used 30540K, capacity 31525K, committed 31664K, reserved 1077248K
  class space    used 3844K, capacity 4230K, committed 4352K, reserved 1048576K
}
Event: 6.759 GC heap before
{Heap before GC invocations=10 (full 0):
 garbage-first heap   total 76800K, used 47782K [0x00000000c2c00000, 0x0000000100000000)
  region size 1024K, 40 young (40960K), 6 survivors (6144K)
 Metaspace       used 35099K, capacity 36100K, committed 36144K, reserved 1091584K
  class space    used 4505K, capacity 4948K, committed 4992K, reserved 1048576K
}
Event: 6.775 GC heap after
{Heap after GC invocations=11 (full 0):
 garbage-first heap   total 76800K, used 15656K [0x00000000c2c00000, 0x0000000100000000)
  region size 1024K, 5 young (5120K), 5 survivors (5120K)
 Metaspace       used 35099K, capacity 36100K, committed 36144K, reserved 1091584K
  class space    used 4505K, capacity 4948K, committed 4992K, reserved 1048576K
}

