# JRE version: Java(TM) SE Runtime Environment 18.9 (11.0.17+10) (build 11.0.17+10-LTS-269)
# Java VM: Java HotSpot(TM) 64-Bit Server VM 18.9 (11.0.17+10-LTS-269, mixed mode, tiered, compressed oops, g1 gc, windows-amd64)
Heap:
 garbage-first heap   total 262144K, used 69952K [0x00000000e0000000, 0x0000000100000000)
  region size 1024K, 22 young (22528K), 20 survivors (20480K)
 Metaspace       used 58811K, capacity 60249K, committed 60416K, reserved 307200K
  class space    used 7566K, capacity 8115K, committed 8192K, reserved 253952K
GC Heap History (10 events):
Event: 7.315 GC heap before
{Heap before GC invocations=7 (full 0):
 garbage-first heap   total 262144K, used 54829K [0x00000000e0000000, 0x0000000100000000)
  region size 1024K, 44 young (45056K), 8 survivors (8192K)
 Metaspace       used 34999K, capacity 35701K, committed 35840K, reserved 286720K
  class space    used 4383K, capacity 4614K, committed 4736K, reserved 253952K
}
Event: 7.328 GC heap after
{Heap after GC invocations=8 (full 0):
 garbage-first heap   total 262144K, used 23187K [0x00000000e0000000, 0x0000000100000000)
  region size 1024K, 8 young (8192K), 8 survivors (8192K)
 Metaspace       used 34999K, capacity 35701K, committed 35840K, reserved 286720K
  class space    used 4383K, capacity 4614K, committed 4736K, reserved 253952K
}
Event: 9.932 GC heap before
{Heap before GC invocations=9 (full 0):
 garbage-first heap   total 262144K, used 142995K [0x00000000e0000000, 0x0000000100000000)
  region size 1024K, 125 young (128000K), 8 survivors (8192K)
 Metaspace       used 43804K, capacity 44868K, committed 45056K, reserved 292864K
  class space    used 5768K, capacity 6126K, committed 6144K, reserved 253952K
}
Event: 9.956 GC heap after
{Heap after GC invocations=10 (full 0):
 garbage-first heap   total 262144K, used 28022K [0x00000000e0000000, 0x0000000100000000)
  region size 1024K, 13 young (13312K), 13 survivors (13312K)
 Metaspace       used 43804K, capacity 44868K, committed 45056K, reserved 292864K
  class space    used 5768K, capacity 6126K, committed 6144K, reserved 253952K
}
Event: 12.809 GC heap before
{Heap before GC invocations=10 (full 0):
 garbage-first heap   total 262144K, used 170358K [0x00000000e0000000, 0x0000000100000000)
  region size 1024K, 153 young (156672K), 13 survivors (13312K)
 Metaspace       used 46630K, capacity 47646K, committed 47872K, reserved 296960K
  class space    used 6026K, capacity 6387K, committed 6400K, reserved 253952K
}
Event: 12.846 GC heap after
{Heap after GC invocations=11 (full 0):
 garbage-first heap   total 262144K, used 37532K [0x00000000e0000000, 0x0000000100000000)
  region size 1024K, 18 young (18432K), 18 survivors (18432K)
 Metaspace       used 46630K, capacity 47646K, committed 47872K, reserved 296960K
  class space    used 6026K, capacity 6387K, committed 6400K, reserved 253952K
}
Event: 14.240 GC heap before
{Heap before GC invocations=11 (full 0):
 garbage-first heap   total 262144K, used 175772K [0x00000000e0000000, 0x0000000100000000)
  region size 1024K, 153 young (156672K), 18 survivors (18432K)
 Metaspace       used 47662K, capacity 48754K, committed 49024K, reserved 296960K
  class space    used 6108K, capacity 6475K, committed 6528K, reserved 253952K
}
Event: 14.269 GC heap after
{Heap after GC invocations=12 (full 0):
 garbage-first heap   total 262144K, used 41984K [0x00000000e0000000, 0x0000000100000000)
  region size 1024K, 14 young (14336K), 14 survivors (14336K)
 Metaspace       used 47662K, capacity 48754K, committed 49024K, reserved 296960K
  class space    used 6108K, capacity 6475K, committed 6528K, reserved 253952K
}
Event: 17.623 GC heap before
{Heap before GC invocations=12 (full 0):
 garbage-first heap   total 262144K, used 165888K [0x00000000e0000000, 0x0000000100000000)
  region size 1024K, 135 young (138240K), 14 survivors (14336K)
 Metaspace       used 58617K, capacity 60010K, committed 60160K, reserved 307200K
  class space    used 7546K, capacity 8078K, committed 8192K, reserved 253952K
}
Event: 17.717 GC heap after
{Heap after GC invocations=13 (full 0):
 garbage-first heap   total 262144K, used 68928K [0x00000000e0000000, 0x0000000100000000)
  region size 1024K, 20 young (20480K), 20 survivors (20480K)
 Metaspace       used 58617K, capacity 60010K, committed 60160K, reserved 307200K
  class space    used 7546K, capacity 8078K, committed 8192K, reserved 253952K
}

