# JRE version: Java(TM) SE Runtime Environment 18.9 (11.0.17+10) (build 11.0.17+10-LTS-269)
# Java VM: Java HotSpot(TM) 64-Bit Server VM 18.9 (11.0.17+10-LTS-269, mixed mode, tiered, compressed oops, g1 gc, windows-amd64)
Heap:
 garbage-first heap   total 262144K, used 80877K [0x00000000e0000000, 0x0000000100000000)
  region size 1024K, 8 young (8192K), 1 survivors (1024K)
 Metaspace       used 67812K, capacity 69516K, committed 69832K, reserved 315392K
  class space    used 8161K, capacity 8816K, committed 8960K, reserved 253952K
GC Heap History (10 events):
Event: 4627.774 GC heap before
{Heap before GC invocations=57 (full 0):
 garbage-first heap   total 262144K, used 87985K [0x00000000e0000000, 0x0000000100000000)
  region size 1024K, 12 young (12288K), 8 survivors (8192K)
 Metaspace       used 67194K, capacity 68760K, committed 69576K, reserved 315392K
  class space    used 8117K, capacity 8694K, committed 8960K, reserved 253952K
}
Event: 4627.819 GC heap after
{Heap after GC invocations=58 (full 0):
 garbage-first heap   total 262144K, used 76825K [0x00000000e0000000, 0x0000000100000000)
  region size 1024K, 2 young (2048K), 2 survivors (2048K)
 Metaspace       used 67194K, capacity 68760K, committed 69576K, reserved 315392K
  class space    used 8117K, capacity 8694K, committed 8960K, reserved 253952K
}
Event: 4627.836 GC heap before
{Heap before GC invocations=58 (full 0):
 garbage-first heap   total 262144K, used 87065K [0x00000000e0000000, 0x0000000100000000)
  region size 1024K, 12 young (12288K), 2 survivors (2048K)
 Metaspace       used 67194K, capacity 68760K, committed 69576K, reserved 315392K
  class space    used 8117K, capacity 8694K, committed 8960K, reserved 253952K
}
Event: 4627.851 GC heap after
{Heap after GC invocations=59 (full 0):
 garbage-first heap   total 262144K, used 75660K [0x00000000e0000000, 0x0000000100000000)
  region size 1024K, 1 young (1024K), 1 survivors (1024K)
 Metaspace       used 67194K, capacity 68760K, committed 69576K, reserved 315392K
  class space    used 8117K, capacity 8694K, committed 8960K, reserved 253952K
}
Event: 4628.927 GC heap before
{Heap before GC invocations=59 (full 0):
 garbage-first heap   total 262144K, used 87948K [0x00000000e0000000, 0x0000000100000000)
  region size 1024K, 14 young (14336K), 1 survivors (1024K)
 Metaspace       used 67217K, capacity 68762K, committed 69576K, reserved 315392K
  class space    used 8117K, capacity 8694K, committed 8960K, reserved 253952K
}
Event: 4628.934 GC heap after
{Heap after GC invocations=60 (full 0):
 garbage-first heap   total 262144K, used 77412K [0x00000000e0000000, 0x0000000100000000)
  region size 1024K, 3 young (3072K), 3 survivors (3072K)
 Metaspace       used 67217K, capacity 68762K, committed 69576K, reserved 315392K
  class space    used 8117K, capacity 8694K, committed 8960K, reserved 253952K
}
Event: 4632.197 GC heap before
{Heap before GC invocations=61 (full 0):
 garbage-first heap   total 262144K, used 183908K [0x00000000e0000000, 0x0000000100000000)
  region size 1024K, 105 young (107520K), 3 survivors (3072K)
 Metaspace       used 67601K, capacity 69222K, committed 69832K, reserved 315392K
  class space    used 8127K, capacity 8706K, committed 8960K, reserved 253952K
}
Event: 4632.249 GC heap after
{Heap after GC invocations=62 (full 0):
 garbage-first heap   total 262144K, used 83738K [0x00000000e0000000, 0x0000000100000000)
  region size 1024K, 7 young (7168K), 7 survivors (7168K)
 Metaspace       used 67601K, capacity 69222K, committed 69832K, reserved 315392K
  class space    used 8127K, capacity 8706K, committed 8960K, reserved 253952K
}
Event: 4632.369 GC heap before
{Heap before GC invocations=62 (full 0):
 garbage-first heap   total 262144K, used 88858K [0x00000000e0000000, 0x0000000100000000)
  region size 1024K, 12 young (12288K), 7 survivors (7168K)
 Metaspace       used 67650K, capacity 69267K, committed 69832K, reserved 315392K
  class space    used 8136K, capacity 8719K, committed 8960K, reserved 253952K
}
Event: 4632.395 GC heap after
{Heap after GC invocations=63 (full 0):
 garbage-first heap   total 262144K, used 74733K [0x00000000e0000000, 0x0000000100000000)
  region size 1024K, 1 young (1024K), 1 survivors (1024K)
 Metaspace       used 67650K, capacity 69267K, committed 69832K, reserved 315392K
  class space    used 8136K, capacity 8719K, committed 8960K, reserved 253952K
}

