# JRE version: Java(TM) SE Runtime Environment 18.9 (11.0.17+10) (build 11.0.17+10-LTS-269)
# Java VM: Java HotSpot(TM) 64-Bit Server VM 18.9 (11.0.17+10-LTS-269, mixed mode, tiered, compressed oops, g1 gc, windows-amd64)
Heap:
 garbage-first heap   total 262144K, used 61806K [0x00000000e0000000, 0x0000000100000000)
  region size 1024K, 50 young (51200K), 4 survivors (4096K)
 Metaspace       used 29778K, capacity 30355K, committed 30464K, reserved 280576K
  class space    used 3769K, capacity 3990K, committed 4096K, reserved 253952K
GC Heap History (10 events):
Event: 2.307 GC heap before
{Heap before GC invocations=0 (full 0):
 garbage-first heap   total 262144K, used 19456K [0x00000000e0000000, 0x0000000100000000)
  region size 1024K, 14 young (14336K), 0 survivors (0K)
 Metaspace       used 7841K, capacity 8042K, committed 8320K, reserved 262144K
  class space    used 745K, capacity 810K, committed 896K, reserved 253952K
}
Event: 2.320 GC heap after
{Heap after GC invocations=1 (full 0):
 garbage-first heap   total 262144K, used 8146K [0x00000000e0000000, 0x0000000100000000)
  region size 1024K, 2 young (2048K), 2 survivors (2048K)
 Metaspace       used 7841K, capacity 8042K, committed 8320K, reserved 262144K
  class space    used 745K, capacity 810K, committed 896K, reserved 253952K
}
Event: 4.061 GC heap before
{Heap before GC invocations=1 (full 0):
 garbage-first heap   total 262144K, used 19410K [0x00000000e0000000, 0x0000000100000000)
  region size 1024K, 13 young (13312K), 2 survivors (2048K)
 Metaspace       used 10293K, capacity 10546K, committed 10752K, reserved 264192K
  class space    used 1081K, capacity 1157K, committed 1280K, reserved 253952K
}
Event: 4.067 GC heap after
{Heap after GC invocations=2 (full 0):
 garbage-first heap   total 262144K, used 8775K [0x00000000e0000000, 0x0000000100000000)
  region size 1024K, 1 young (1024K), 1 survivors (1024K)
 Metaspace       used 10293K, capacity 10546K, committed 10752K, reserved 264192K
  class space    used 1081K, capacity 1157K, committed 1280K, reserved 253952K
}
Event: 5.284 GC heap before
{Heap before GC invocations=2 (full 0):
 garbage-first heap   total 262144K, used 34375K [0x00000000e0000000, 0x0000000100000000)
  region size 1024K, 27 young (27648K), 1 survivors (1024K)
 Metaspace       used 10573K, capacity 10858K, committed 11008K, reserved 264192K
  class space    used 1111K, capacity 1197K, committed 1280K, reserved 253952K
}
Event: 5.291 GC heap after
{Heap after GC invocations=3 (full 0):
 garbage-first heap   total 262144K, used 12916K [0x00000000e0000000, 0x0000000100000000)
  region size 1024K, 4 young (4096K), 4 survivors (4096K)
 Metaspace       used 10573K, capacity 10858K, committed 11008K, reserved 264192K
  class space    used 1111K, capacity 1197K, committed 1280K, reserved 253952K
}
Event: 9.062 GC heap before
{Heap before GC invocations=3 (full 0):
 garbage-first heap   total 262144K, used 51828K [0x00000000e0000000, 0x0000000100000000)
  region size 1024K, 42 young (43008K), 4 survivors (4096K)
 Metaspace       used 18825K, capacity 19288K, committed 19456K, reserved 272384K
  class space    used 2279K, capacity 2447K, committed 2560K, reserved 253952K
}
Event: 9.074 GC heap after
{Heap after GC invocations=4 (full 0):
 garbage-first heap   total 262144K, used 15796K [0x00000000e0000000, 0x0000000100000000)
  region size 1024K, 3 young (3072K), 3 survivors (3072K)
 Metaspace       used 18825K, capacity 19288K, committed 19456K, reserved 272384K
  class space    used 2279K, capacity 2447K, committed 2560K, reserved 253952K
}
Event: 10.116 GC heap before
{Heap before GC invocations=4 (full 0):
 garbage-first heap   total 262144K, used 33204K [0x00000000e0000000, 0x0000000100000000)
  region size 1024K, 21 young (21504K), 3 survivors (3072K)
 Metaspace       used 20728K, capacity 21181K, committed 21248K, reserved 272384K
  class space    used 2616K, capacity 2786K, committed 2816K, reserved 253952K
}
Event: 10.126 GC heap after
{Heap after GC invocations=5 (full 0):
 garbage-first heap   total 262144K, used 16750K [0x00000000e0000000, 0x0000000100000000)
  region size 1024K, 4 young (4096K), 4 survivors (4096K)
 Metaspace       used 20728K, capacity 21181K, committed 21248K, reserved 272384K
  class space    used 2616K, capacity 2786K, committed 2816K, reserved 253952K
}

