# JRE version: Java(TM) SE Runtime Environment 18.9 (11.0.17+10) (build 11.0.17+10-LTS-269)
# Java VM: Java HotSpot(TM) 64-Bit Server VM 18.9 (11.0.17+10-LTS-269, mixed mode, tiered, compressed oops, g1 gc, windows-amd64)
Heap:
 garbage-first heap   total 76800K, used 27025K [0x00000000c2c00000, 0x0000000100000000)
  region size 1024K, 4 young (4096K), 4 survivors (4096K)
 Metaspace       used 58593K, capacity 60118K, committed 60240K, reserved 1103872K
  class space    used 7764K, capacity 8364K, committed 8448K, reserved 1048576K
GC Heap History (10 events):
Event: 20.285 GC heap before
{Heap before GC invocations=10 (full 0):
 garbage-first heap   total 76800K, used 51178K [0x00000000c2c00000, 0x0000000100000000)
  region size 1024K, 37 young (37888K), 2 survivors (2048K)
 Metaspace       used 44359K, capacity 45493K, committed 45616K, reserved 1089536K
  class space    used 5705K, capacity 6154K, committed 6272K, reserved 1048576K
}
Event: 20.297 GC heap after
{Heap after GC invocations=11 (full 0):
 garbage-first heap   total 76800K, used 19643K [0x00000000c2c00000, 0x0000000100000000)
  region size 1024K, 5 young (5120K), 5 survivors (5120K)
 Metaspace       used 44359K, capacity 45493K, committed 45616K, reserved 1089536K
  class space    used 5705K, capacity 6154K, committed 6272K, reserved 1048576K
}
Event: 21.839 GC heap before
{Heap before GC invocations=11 (full 0):
 garbage-first heap   total 76800K, used 54459K [0x00000000c2c00000, 0x0000000100000000)
  region size 1024K, 39 young (39936K), 5 survivors (5120K)
 Metaspace       used 49405K, capacity 50568K, committed 50736K, reserved 1093632K
  class space    used 6495K, capacity 6951K, committed 7040K, reserved 1048576K
}
Event: 21.851 GC heap after
{Heap after GC invocations=12 (full 0):
 garbage-first heap   total 76800K, used 21244K [0x00000000c2c00000, 0x0000000100000000)
  region size 1024K, 2 young (2048K), 2 survivors (2048K)
 Metaspace       used 49405K, capacity 50568K, committed 50736K, reserved 1093632K
  class space    used 6495K, capacity 6951K, committed 7040K, reserved 1048576K
}
Event: 23.333 GC heap before
{Heap before GC invocations=12 (full 0):
 garbage-first heap   total 76800K, used 55036K [0x00000000c2c00000, 0x0000000100000000)
  region size 1024K, 35 young (35840K), 2 survivors (2048K)
 Metaspace       used 53580K, capacity 54965K, committed 55216K, reserved 1097728K
  class space    used 7072K, capacity 7607K, committed 7680K, reserved 1048576K
}
Event: 23.341 GC heap after
{Heap after GC invocations=13 (full 0):
 garbage-first heap   total 76800K, used 23046K [0x00000000c2c00000, 0x0000000100000000)
  region size 1024K, 4 young (4096K), 4 survivors (4096K)
 Metaspace       used 53580K, capacity 54965K, committed 55216K, reserved 1097728K
  class space    used 7072K, capacity 7607K, committed 7680K, reserved 1048576K
}
Event: 37.470 GC heap before
{Heap before GC invocations=13 (full 0):
 garbage-first heap   total 76800K, used 55814K [0x00000000c2c00000, 0x0000000100000000)
  region size 1024K, 37 young (37888K), 4 survivors (4096K)
 Metaspace       used 57377K, capacity 58902K, committed 59056K, reserved 1099776K
  class space    used 7582K, capacity 8172K, committed 8192K, reserved 1048576K
}
Event: 37.496 GC heap after
{Heap after GC invocations=14 (full 0):
 garbage-first heap   total 76800K, used 25340K [0x00000000c2c00000, 0x0000000100000000)
  region size 1024K, 5 young (5120K), 5 survivors (5120K)
 Metaspace       used 57377K, capacity 58902K, committed 59056K, reserved 1099776K
  class space    used 7582K, capacity 8172K, committed 8192K, reserved 1048576K
}
Event: 38.284 GC heap before
{Heap before GC invocations=14 (full 0):
 garbage-first heap   total 76800K, used 34556K [0x00000000c2c00000, 0x0000000100000000)
  region size 1024K, 15 young (15360K), 5 survivors (5120K)
 Metaspace       used 58593K, capacity 60118K, committed 60240K, reserved 1101824K
  class space    used 7764K, capacity 8364K, committed 8448K, reserved 1048576K
}
Event: 38.298 GC heap after
{Heap after GC invocations=15 (full 0):
 garbage-first heap   total 76800K, used 27025K [0x00000000c2c00000, 0x0000000100000000)
  region size 1024K, 4 young (4096K), 4 survivors (4096K)
 Metaspace       used 58593K, capacity 60118K, committed 60240K, reserved 1101824K
  class space    used 7764K, capacity 8364K, committed 8448K, reserved 1048576K
}

