# JRE version: Java(TM) SE Runtime Environment 18.9 (11.0.17+10) (build 11.0.17+10-LTS-269)
# Java VM: Java HotSpot(TM) 64-Bit Server VM 18.9 (11.0.17+10-LTS-269, mixed mode, tiered, compressed oops, g1 gc, windows-amd64)
Heap:
 garbage-first heap   total 92160K, used 21148K [0x00000000c2c00000, 0x0000000100000000)
  region size 1024K, 2 young (2048K), 2 survivors (2048K)
 Metaspace       used 50003K, capacity 51178K, committed 51248K, reserved 1093632K
  class space    used 6573K, capacity 7021K, committed 7040K, reserved 1048576K
GC Heap History (10 events):
Event: 2.990 GC heap after
{Heap after GC invocations=7 (full 0):
 garbage-first heap   total 63488K, used 10023K [0x00000000c2c00000, 0x0000000100000000)
  region size 1024K, 3 young (3072K), 3 survivors (3072K)
 Metaspace       used 23023K, capacity 23612K, committed 23728K, reserved 1071104K
  class space    used 2788K, capacity 3043K, committed 3072K, reserved 1048576K
}
Event: 3.615 GC heap before
{Heap before GC invocations=7 (full 0):
 garbage-first heap   total 63488K, used 39719K [0x00000000c2c00000, 0x0000000100000000)
  region size 1024K, 32 young (32768K), 3 survivors (3072K)
 Metaspace       used 24866K, capacity 25560K, committed 25904K, reserved 1071104K
  class space    used 3054K, capacity 3329K, committed 3456K, reserved 1048576K
}
Event: 3.622 GC heap after
{Heap after GC invocations=8 (full 0):
 garbage-first heap   total 76800K, used 11083K [0x00000000c2c00000, 0x0000000100000000)
  region size 1024K, 3 young (3072K), 3 survivors (3072K)
 Metaspace       used 24866K, capacity 25560K, committed 25904K, reserved 1071104K
  class space    used 3054K, capacity 3329K, committed 3456K, reserved 1048576K
}
Event: 5.148 GC heap before
{Heap before GC invocations=8 (full 0):
 garbage-first heap   total 76800K, used 45899K [0x00000000c2c00000, 0x0000000100000000)
  region size 1024K, 38 young (38912K), 3 survivors (3072K)
 Metaspace       used 29717K, capacity 30667K, committed 30768K, reserved 1075200K
  class space    used 3756K, capacity 4157K, committed 4224K, reserved 1048576K
}
Event: 5.155 GC heap after
{Heap after GC invocations=9 (full 0):
 garbage-first heap   total 76800K, used 13589K [0x00000000c2c00000, 0x0000000100000000)
  region size 1024K, 5 young (5120K), 5 survivors (5120K)
 Metaspace       used 29717K, capacity 30667K, committed 30768K, reserved 1075200K
  class space    used 3756K, capacity 4157K, committed 4224K, reserved 1048576K
}
Event: 6.049 GC heap before
{Heap before GC invocations=9 (full 0):
 garbage-first heap   total 76800K, used 50453K [0x00000000c2c00000, 0x0000000100000000)
  region size 1024K, 42 young (43008K), 5 survivors (5120K)
 Metaspace       used 34770K, capacity 35808K, committed 35920K, reserved 1081344K
  class space    used 4436K, capacity 4850K, committed 4864K, reserved 1048576K
}
Event: 6.061 GC heap after
{Heap after GC invocations=10 (full 0):
 garbage-first heap   total 76800K, used 15379K [0x00000000c2c00000, 0x0000000100000000)
  region size 1024K, 5 young (5120K), 5 survivors (5120K)
 Metaspace       used 34770K, capacity 35808K, committed 35920K, reserved 1081344K
  class space    used 4436K, capacity 4850K, committed 4864K, reserved 1048576K
}
Event: 7.577 GC heap before
{Heap before GC invocations=11 (full 0):
 garbage-first heap   total 76800K, used 53267K [0x00000000c2c00000, 0x0000000100000000)
  region size 1024K, 42 young (43008K), 5 survivors (5120K)
 Metaspace       used 44649K, capacity 45782K, committed 45872K, reserved 1089536K
  class space    used 5744K, capacity 6186K, committed 6272K, reserved 1048576K
}
Event: 7.592 GC heap after
{Heap after GC invocations=12 (full 0):
 garbage-first heap   total 76800K, used 19697K [0x00000000c2c00000, 0x0000000100000000)
  region size 1024K, 6 young (6144K), 6 survivors (6144K)
 Metaspace       used 44649K, capacity 45782K, committed 45872K, reserved 1089536K
  class space    used 5744K, capacity 6186K, committed 6272K, reserved 1048576K
}
Event: 8.449 GC heap before
{Heap before GC invocations=12 (full 0):
 garbage-first heap   total 76800K, used 56561K [0x00000000c2c00000, 0x0000000100000000)
  region size 1024K, 42 young (43008K), 6 survivors (6144K)
 Metaspace       used 50003K, capacity 51178K, committed 51248K, reserved 1093632K
  class space    used 6573K, capacity 7021K, committed 7040K, reserved 1048576K
}

